mode: set
github.com/pulumi/pulumi-aviatrix/provider/cmd/pulumi-resource-aviatrix/main.go:10.13,22.51 7 0
github.com/pulumi/pulumi-aviatrix/provider/cmd/pulumi-resource-aviatrix/main.go:22.51,23.14 1 0
github.com/pulumi/pulumi-aviatrix/provider/cmd/pulumi-resource-aviatrix/main.go:23.14,25.9 2 0
github.com/pulumi/pulumi-aviatrix/provider/cmd/pulumi-resource-aviatrix/main.go:27.3,27.35 1 0
github.com/pulumi/pulumi-aviatrix/provider/cmd/pulumi-resource-aviatrix/main.go:30.2,31.12 2 0
github.com/pulumi/pulumi-aviatrix/provider/cmd/schema-generator/main.go:10.13,22.51 7 0
github.com/pulumi/pulumi-aviatrix/provider/cmd/schema-generator/main.go:22.51,23.14 1 0
github.com/pulumi/pulumi-aviatrix/provider/cmd/schema-generator/main.go:23.14,25.9 2 0
github.com/pulumi/pulumi-aviatrix/provider/cmd/schema-generator/main.go:27.3,27.35 1 0
github.com/pulumi/pulumi-aviatrix/provider/cmd/schema-generator/main.go:30.2,31.12 2 0
github.com/pulumi/pulumi-aviatrix/provider/cmd/pulumi-tfgen-aviatrix/main.go:8.13,16.2 3 0
github.com/pulumi/pulumi-aviatrix/provider/cmd/standalone-schema-generator/main.go:14.64,16.2 1 0
github.com/pulumi/pulumi-aviatrix/provider/cmd/standalone-schema-generator/main.go:19.65,22.16 2 0
github.com/pulumi/pulumi-aviatrix/provider/cmd/standalone-schema-generator/main.go:22.16,24.3 1 0
github.com/pulumi/pulumi-aviatrix/provider/cmd/standalone-schema-generator/main.go:27.2,27.62 1 0
github.com/pulumi/pulumi-aviatrix/provider/cmd/standalone-schema-generator/main.go:27.62,29.3 1 0
github.com/pulumi/pulumi-aviatrix/provider/cmd/standalone-schema-generator/main.go:32.2,33.33 2 0
github.com/pulumi/pulumi-aviatrix/provider/cmd/standalone-schema-generator/main.go:33.33,34.57 1 0
github.com/pulumi/pulumi-aviatrix/provider/cmd/standalone-schema-generator/main.go:34.57,36.4 1 0
github.com/pulumi/pulumi-aviatrix/provider/cmd/standalone-schema-generator/main.go:39.2,39.12 1 0
github.com/pulumi/pulumi-aviatrix/provider/cmd/standalone-schema-generator/main.go:43.91,50.37 4 0
github.com/pulumi/pulumi-aviatrix/provider/cmd/standalone-schema-generator/main.go:50.37,52.3 1 0
github.com/pulumi/pulumi-aviatrix/provider/cmd/standalone-schema-generator/main.go:55.2,56.41 2 0
github.com/pulumi/pulumi-aviatrix/provider/cmd/standalone-schema-generator/main.go:56.41,58.3 1 0
github.com/pulumi/pulumi-aviatrix/provider/cmd/standalone-schema-generator/main.go:61.2,110.20 3 0
github.com/pulumi/pulumi-aviatrix/provider/cmd/standalone-schema-generator/main.go:114.84,116.16 2 0
github.com/pulumi/pulumi-aviatrix/provider/cmd/standalone-schema-generator/main.go:116.16,118.3 1 0
github.com/pulumi/pulumi-aviatrix/provider/cmd/standalone-schema-generator/main.go:121.2,121.18 1 0
github.com/pulumi/pulumi-aviatrix/provider/cmd/standalone-schema-generator/main.go:122.12,130.4 1 0
github.com/pulumi/pulumi-aviatrix/provider/cmd/standalone-schema-generator/main.go:131.16,139.4 1 0
github.com/pulumi/pulumi-aviatrix/provider/cmd/standalone-schema-generator/main.go:140.16,150.4 1 0
github.com/pulumi/pulumi-aviatrix/provider/cmd/standalone-schema-generator/main.go:151.14,159.4 1 0
github.com/pulumi/pulumi-aviatrix/provider/cmd/standalone-schema-generator/main.go:160.20,172.4 1 0
github.com/pulumi/pulumi-aviatrix/provider/cmd/standalone-schema-generator/main.go:176.2,177.41 2 0
github.com/pulumi/pulumi-aviatrix/provider/cmd/standalone-schema-generator/main.go:181.65,317.2 1 0
github.com/pulumi/pulumi-aviatrix/provider/cmd/standalone-schema-generator/main.go:320.67,346.2 1 0
github.com/pulumi/pulumi-aviatrix/provider/cmd/standalone-schema-generator/main.go:349.105,365.2 4 0
github.com/pulumi/pulumi-aviatrix/provider/cmd/standalone-schema-generator/main.go:368.109,380.2 3 0
github.com/pulumi/pulumi-aviatrix/provider/cmd/standalone-schema-generator/main.go:383.109,397.22 2 0
github.com/pulumi/pulumi-aviatrix/provider/cmd/standalone-schema-generator/main.go:398.51,422.4 6 0
github.com/pulumi/pulumi-aviatrix/provider/cmd/standalone-schema-generator/main.go:423.13,435.4 3 0
github.com/pulumi/pulumi-aviatrix/provider/cmd/standalone-schema-generator/main.go:436.17,452.4 4 0
github.com/pulumi/pulumi-aviatrix/provider/cmd/standalone-schema-generator/main.go:453.10,462.4 2 0
github.com/pulumi/pulumi-aviatrix/provider/cmd/standalone-schema-generator/main.go:465.2,465.19 1 0
github.com/pulumi/pulumi-aviatrix/provider/cmd/standalone-schema-generator/main.go:469.113,479.24 2 0
github.com/pulumi/pulumi-aviatrix/provider/cmd/standalone-schema-generator/main.go:480.17,484.4 1 0
github.com/pulumi/pulumi-aviatrix/provider/cmd/standalone-schema-generator/main.go:485.17,493.4 2 0
github.com/pulumi/pulumi-aviatrix/provider/cmd/standalone-schema-generator/main.go:494.13,502.4 2 0
github.com/pulumi/pulumi-aviatrix/provider/cmd/standalone-schema-generator/main.go:503.10,508.4 1 0
github.com/pulumi/pulumi-aviatrix/provider/cmd/standalone-schema-generator/main.go:511.2,511.19 1 0
github.com/pulumi/pulumi-aviatrix/provider/cmd/standalone-schema-generator/main.go:515.91,516.22 1 0
github.com/pulumi/pulumi-aviatrix/provider/cmd/standalone-schema-generator/main.go:517.51,518.97 1 0
github.com/pulumi/pulumi-aviatrix/provider/cmd/standalone-schema-generator/main.go:519.13,520.64 1 0
github.com/pulumi/pulumi-aviatrix/provider/cmd/standalone-schema-generator/main.go:521.17,522.46 1 0
github.com/pulumi/pulumi-aviatrix/provider/cmd/standalone-schema-generator/main.go:523.10,524.26 1 0
github.com/pulumi/pulumi-aviatrix/provider/cmd/standalone-schema-generator/main.go:529.104,532.53 2 0
github.com/pulumi/pulumi-aviatrix/provider/cmd/standalone-schema-generator/main.go:532.53,534.3 1 0
github.com/pulumi/pulumi-aviatrix/provider/cmd/standalone-schema-generator/main.go:537.2,539.16 3 0
github.com/pulumi/pulumi-aviatrix/provider/cmd/standalone-schema-generator/main.go:539.16,541.3 1 0
github.com/pulumi/pulumi-aviatrix/provider/cmd/standalone-schema-generator/main.go:543.2,543.59 1 0
github.com/pulumi/pulumi-aviatrix/provider/cmd/standalone-schema-generator/main.go:543.59,545.3 1 0
github.com/pulumi/pulumi-aviatrix/provider/cmd/standalone-schema-generator/main.go:547.2,548.12 2 0
github.com/pulumi/pulumi-aviatrix/provider/cmd/standalone-schema-generator/main.go:552.86,555.21 2 0
github.com/pulumi/pulumi-aviatrix/provider/cmd/standalone-schema-generator/main.go:555.21,557.3 1 0
github.com/pulumi/pulumi-aviatrix/provider/cmd/standalone-schema-generator/main.go:558.2,558.21 1 0
github.com/pulumi/pulumi-aviatrix/provider/cmd/standalone-schema-generator/main.go:561.90,564.21 2 0
github.com/pulumi/pulumi-aviatrix/provider/cmd/standalone-schema-generator/main.go:564.21,567.49 2 0
github.com/pulumi/pulumi-aviatrix/provider/cmd/standalone-schema-generator/main.go:567.49,569.4 1 0
github.com/pulumi/pulumi-aviatrix/provider/cmd/standalone-schema-generator/main.go:570.3,570.18 1 0
github.com/pulumi/pulumi-aviatrix/provider/cmd/standalone-schema-generator/main.go:572.2,572.23 1 0
github.com/pulumi/pulumi-aviatrix/provider/cmd/standalone-schema-generator/main.go:575.78,579.28 3 0
github.com/pulumi/pulumi-aviatrix/provider/cmd/standalone-schema-generator/main.go:579.28,580.18 1 0
github.com/pulumi/pulumi-aviatrix/provider/cmd/standalone-schema-generator/main.go:580.18,583.4 2 0
github.com/pulumi/pulumi-aviatrix/provider/cmd/standalone-schema-generator/main.go:585.2,586.14 2 0
github.com/pulumi/pulumi-aviatrix/provider/cmd/standalone-schema-generator/main.go:589.13,596.55 3 0
github.com/pulumi/pulumi-aviatrix/provider/cmd/standalone-schema-generator/main.go:596.55,599.3 2 0
github.com/pulumi/pulumi-aviatrix/provider/cmd/standalone-schema-generator/main.go:601.2,608.56 8 0
github.com/pulumi/pulumi-aviatrix/provider/simple_provider.go:16.72,20.2 1 1
github.com/pulumi/pulumi-aviatrix/provider/simple_provider.go:23.54,25.2 1 1
github.com/pulumi/pulumi-aviatrix/provider/simple_provider.go:28.58,30.2 1 1
github.com/pulumi/pulumi-aviatrix/provider/simple_provider.go:33.58,169.2 3 1
github.com/pulumi/pulumi-aviatrix/provider/simple_provider.go:172.60,200.2 3 1
github.com/pulumi/pulumi-aviatrix/provider/simple_provider.go:203.69,238.2 1 1
github.com/pulumi/pulumi-aviatrix/provider/simple_provider.go:241.86,243.33 2 1
github.com/pulumi/pulumi-aviatrix/provider/simple_provider.go:243.33,245.10 2 1
github.com/pulumi/pulumi-aviatrix/provider/simple_provider.go:245.10,247.4 1 1
github.com/pulumi/pulumi-aviatrix/provider/simple_provider.go:248.3,248.19 1 1
github.com/pulumi/pulumi-aviatrix/provider/simple_provider.go:248.19,250.4 1 1
github.com/pulumi/pulumi-aviatrix/provider/simple_provider.go:251.3,251.49 1 1
github.com/pulumi/pulumi-aviatrix/provider/simple_provider.go:251.49,253.4 1 1
github.com/pulumi/pulumi-aviatrix/provider/simple_provider.go:255.2,255.12 1 1
github.com/pulumi/pulumi-aviatrix/provider/simple_provider.go:259.41,261.2 1 1
github.com/pulumi/pulumi-aviatrix/provider/simple_provider.go:269.128,274.16 3 0
github.com/pulumi/pulumi-aviatrix/provider/simple_provider.go:274.16,276.3 1 0
github.com/pulumi/pulumi-aviatrix/provider/simple_provider.go:277.2,277.23 1 0
